<?xml version="1.0" encoding="UTF-8"?>
<!-- Generated by org.testng.reporters.JUnitXMLReporter -->
<testsuite hostname="DESKTOP-42M9JTP" name="Default test" tests="1" failures="1" timestamp="19 Feb 2021 15:09:21 GMT" time="176.018" errors="0">
  <testcase name="runScenario" time="174.993" classname="testRunner.RunTesterClass">
    <failure type="java.lang.AssertionError" message="expected [Product successfully added to your shopping cart] but found []">
      <![CDATA[java.lang.AssertionError: expected [Product successfully added to your shopping cart] but found []
	at org.testng.Assert.fail(Assert.java:94)
	at org.testng.Assert.failNotEquals(Assert.java:513)
	at org.testng.Assert.assertEqualsImpl(Assert.java:135)
	at org.testng.Assert.assertEquals(Assert.java:116)
	at org.testng.Assert.assertEquals(Assert.java:190)
	at org.testng.Assert.assertEquals(Assert.java:200)
	at stepDefinitions.ComparatorUIandServiceStepDef.verify_the_message_and_other_product_details_such_as_product_name_color_quantity_and_totoal_price(ComparatorUIandServiceStepDef.java:60)
	at ✽.verify the message "message" and other product details such as product name,color,quantity and totoal price(file:///C:/Users/Ajinkya/Downloads/WeatherComparator-master/WeatherComparator-master/src/test/java/features/ComparatorUIandService.feature:9)
]]>
    </failure>
  </testcase> <!-- runScenario -->
</testsuite> <!-- Default test -->
